<?xml version="1.0" encoding="UTF-8"?>
<!-- Generated by org.testng.reporters.JUnitReportReporter -->
<testsuite hostname="LAPTOP-Q97UB95Q" failures="0" tests="1" name="TestScripts.TestCases" time="45.048" errors="0" timestamp="13 Apr 2021 21:46:14 GMT">
  <testcase classname="TestScripts.TestCases" name="testMainPage" time="45.048"/>
</testsuite> <!-- TestScripts.TestCases -->
