<?xml version="1.0" encoding="UTF-8"?>
<!-- Generated by org.testng.reporters.JUnitReportReporter -->
<testsuite hostname="LAPTOP-Q97UB95Q" name="TestScripts.TestCases" tests="1" failures="0" timestamp="14 Apr 2021 02:38:08 GMT" time="73.378" errors="0">
  <testcase name="testMainPage" time="73.378" classname="TestScripts.TestCases"/>
</testsuite> <!-- TestScripts.TestCases -->
